  [1m[36m (1.5ms)[0m  [1mCREATE TABLE "schema_migrations" ("version" varchar NOT NULL) [0m
  [1m[35m (0.1ms)[0m  select sqlite_version(*)
  [1m[36m (1.4ms)[0m  [1mCREATE UNIQUE INDEX "unique_schema_migrations" ON "schema_migrations" ("version")[0m
  [1m[35mActiveRecord::SchemaMigration Load (0.1ms)[0m  SELECT "schema_migrations".* FROM "schema_migrations"
Migrating to CreateProjects (20170705135718)
  [1m[36m (0.1ms)[0m  [1mbegin transaction[0m
  [1m[35m (0.4ms)[0m  CREATE TABLE "projects" ("id" INTEGER PRIMARY KEY AUTOINCREMENT NOT NULL, "name" varchar, "description" varchar, "created_at" datetime NOT NULL, "updated_at" datetime NOT NULL) 
  [1m[36mSQL (0.3ms)[0m  [1mINSERT INTO "schema_migrations" ("version") VALUES (?)[0m  [["version", "20170705135718"]]
  [1m[35m (1.5ms)[0m  commit transaction
  [1m[36mActiveRecord::SchemaMigration Load (0.1ms)[0m  [1mSELECT "schema_migrations".* FROM "schema_migrations"[0m


Started GET "/" for ::1 at 2017-07-06 06:51:14 +0530
  [1m[36mActiveRecord::SchemaMigration Load (0.1ms)[0m  [1mSELECT "schema_migrations".* FROM "schema_migrations"[0m
Processing by ProjectsController#index as HTML
  Rendered projects/index.html.erb within layouts/application (3.7ms)
Completed 200 OK in 550ms (Views: 540.4ms | ActiveRecord: 0.0ms)


Started GET "/assets/projects.self-e3b0c44298fc1c149afbf4c8996fb92427ae41e4649b934ca495991b7852b855.css?body=1" for ::1 at 2017-07-06 06:51:15 +0530


Started GET "/assets/projects.self-877aef30ae1b040ab8a3aba4e3e309a11d7f2612f44dde450b5c157aa5f95c05.js?body=1" for ::1 at 2017-07-06 06:51:15 +0530


Started GET "/" for ::1 at 2017-07-06 06:51:19 +0530
Processing by ProjectsController#index as HTML
  Rendered projects/index.html.erb within layouts/application (0.2ms)
Completed 200 OK in 20ms (Views: 19.2ms | ActiveRecord: 0.0ms)


Started GET "/projects/new" for ::1 at 2017-07-06 06:51:28 +0530
Processing by ProjectsController#new as HTML
  Rendered projects/new.html.erb within layouts/application (23.1ms)
Completed 200 OK in 55ms (Views: 48.4ms | ActiveRecord: 0.3ms)


Started POST "/projects" for ::1 at 2017-07-06 06:51:49 +0530
Processing by ProjectsController#create as HTML
  Parameters: {"utf8"=>"✓", "authenticity_token"=>"xxB0sraw246HCFS849N8riW5QbQbekEHafH1wA4dkLKIPxkay6jvvEYCLjCMG+KixEHBuSZQL9z/3vOqdUm3bw==", "project"=>{"name"=>"New Project", "description"=>"This is the first project"}, "commit"=>"Create Project"}
  [1m[35m (0.1ms)[0m  begin transaction
  [1m[36mSQL (0.5ms)[0m  [1mINSERT INTO "projects" ("name", "description", "created_at", "updated_at") VALUES (?, ?, ?, ?)[0m  [["name", "New Project"], ["description", "This is the first project"], ["created_at", "2017-07-06 01:21:49.254683"], ["updated_at", "2017-07-06 01:21:49.254683"]]
  [1m[35m (1.7ms)[0m  commit transaction
Redirected to http://localhost:3000/projects/1
Completed 302 Found in 11ms (ActiveRecord: 2.3ms)


Started GET "/projects/1" for ::1 at 2017-07-06 06:51:49 +0530
Processing by ProjectsController#show as HTML
  Parameters: {"id"=>"1"}
  [1m[36mProject Load (0.2ms)[0m  [1mSELECT  "projects".* FROM "projects" WHERE "projects"."id" = ? LIMIT 1[0m  [["id", 1]]
  Rendered projects/show.html.erb within layouts/application (0.9ms)
Completed 200 OK in 37ms (Views: 26.6ms | ActiveRecord: 0.2ms)


Started GET "/" for ::1 at 2017-07-06 07:26:11 +0530
  [1m[36mActiveRecord::SchemaMigration Load (0.2ms)[0m  [1mSELECT "schema_migrations".* FROM "schema_migrations"[0m
Processing by ProjectsController#index as HTML
  Rendered projects/index.html.erb within layouts/application (2.3ms)
Completed 200 OK in 408ms (Views: 398.2ms | ActiveRecord: 0.0ms)


Started GET "/projects/new" for ::1 at 2017-07-06 07:26:14 +0530
Processing by ProjectsController#new as HTML
  Rendered projects/new.html.erb within layouts/application (43.5ms)
Completed 200 OK in 63ms (Views: 57.3ms | ActiveRecord: 0.3ms)


Started POST "/projects" for ::1 at 2017-07-06 07:26:37 +0530
Processing by ProjectsController#create as HTML
  Parameters: {"utf8"=>"✓", "authenticity_token"=>"Adr7RAMs73+VVoI6yh1Hbn3gmR61HC0RCPNA7Qs5uKVO9ZbsfjTbTVRc+Lal1dlinBgZE4g2Q8qe3EaHcG2feA==", "project"=>{"name"=>"Trial 2", "description"=>"new testing project"}, "commit"=>"Create Project"}
  [1m[35m (0.1ms)[0m  begin transaction
  [1m[36mSQL (1.1ms)[0m  [1mINSERT INTO "projects" ("name", "description", "created_at", "updated_at") VALUES (?, ?, ?, ?)[0m  [["name", "Trial 2"], ["description", "new testing project"], ["created_at", "2017-07-06 01:56:37.824918"], ["updated_at", "2017-07-06 01:56:37.824918"]]
  [1m[35m (1.5ms)[0m  commit transaction
Redirected to http://localhost:3000/projects/2
Completed 302 Found in 16ms (ActiveRecord: 2.7ms)


Started GET "/projects/2" for ::1 at 2017-07-06 07:26:37 +0530
Processing by ProjectsController#show as HTML
  Parameters: {"id"=>"2"}
  [1m[36mProject Load (0.2ms)[0m  [1mSELECT  "projects".* FROM "projects" WHERE "projects"."id" = ? LIMIT 1[0m  [["id", 2]]
  Rendered projects/show.html.erb within layouts/application (0.9ms)
Completed 500 Internal Server Error in 14ms

SyntaxError (/Users/anirudh/ticketee/app/views/projects/show.html.erb:2: syntax error, unexpected tIVAR, expecting ')'
@output_buffer.safe_append='<h1>'.freeze;@o...
              ^):
  app/views/projects/show.html.erb:2: syntax error, unexpected tIVAR, expecting ')'


  Rendered /Users/anirudh/.rvm/gems/ruby-2.2.1@rails4/gems/actionpack-4.2.0/lib/action_dispatch/middleware/templates/rescues/_source.erb (11.4ms)
  Rendered /Users/anirudh/.rvm/gems/ruby-2.2.1@rails4/gems/actionpack-4.2.0/lib/action_dispatch/middleware/templates/rescues/_trace.html.erb (5.0ms)
  Rendered /Users/anirudh/.rvm/gems/ruby-2.2.1@rails4/gems/actionpack-4.2.0/lib/action_dispatch/middleware/templates/rescues/_request_and_response.html.erb (1.2ms)
  Rendered /Users/anirudh/.rvm/gems/ruby-2.2.1@rails4/gems/actionpack-4.2.0/lib/action_dispatch/middleware/templates/rescues/diagnostics.html.erb within rescues/layout (85.1ms)
  Rendered /Users/anirudh/.rvm/gems/ruby-2.2.1@rails4/gems/web-console-2.3.0/lib/web_console/templates/_markup.html.erb (0.6ms)
  Rendered /Users/anirudh/.rvm/gems/ruby-2.2.1@rails4/gems/web-console-2.3.0/lib/web_console/templates/_inner_console_markup.html.erb within layouts/inlined_string (0.4ms)
  Rendered /Users/anirudh/.rvm/gems/ruby-2.2.1@rails4/gems/web-console-2.3.0/lib/web_console/templates/_prompt_box_markup.html.erb within layouts/inlined_string (0.5ms)
  Rendered /Users/anirudh/.rvm/gems/ruby-2.2.1@rails4/gems/web-console-2.3.0/lib/web_console/templates/style.css.erb within layouts/inlined_string (0.4ms)
  Rendered /Users/anirudh/.rvm/gems/ruby-2.2.1@rails4/gems/web-console-2.3.0/lib/web_console/templates/console.js.erb within layouts/javascript (67.8ms)
  Rendered /Users/anirudh/.rvm/gems/ruby-2.2.1@rails4/gems/web-console-2.3.0/lib/web_console/templates/main.js.erb within layouts/javascript (0.3ms)
  Rendered /Users/anirudh/.rvm/gems/ruby-2.2.1@rails4/gems/web-console-2.3.0/lib/web_console/templates/error_page.js.erb within layouts/javascript (1.0ms)
  Rendered /Users/anirudh/.rvm/gems/ruby-2.2.1@rails4/gems/web-console-2.3.0/lib/web_console/templates/index.html.erb (175.7ms)


Started PUT "/__web_console/repl_sessions/97f7e1db84b842f6e3157227254a7d1a" for ::1 at 2017-07-06 07:26:57 +0530


Started PUT "/__web_console/repl_sessions/97f7e1db84b842f6e3157227254a7d1a" for ::1 at 2017-07-06 07:27:03 +0530


Started PUT "/__web_console/repl_sessions/97f7e1db84b842f6e3157227254a7d1a" for ::1 at 2017-07-06 07:27:11 +0530


Started PUT "/__web_console/repl_sessions/97f7e1db84b842f6e3157227254a7d1a" for ::1 at 2017-07-06 07:27:33 +0530
  [1m[35mProject Load (0.6ms)[0m  SELECT  "projects".* FROM "projects"  ORDER BY "projects"."id" DESC LIMIT 1


Started PUT "/__web_console/repl_sessions/97f7e1db84b842f6e3157227254a7d1a" for ::1 at 2017-07-06 07:27:38 +0530


Started PUT "/__web_console/repl_sessions/97f7e1db84b842f6e3157227254a7d1a" for ::1 at 2017-07-06 07:27:52 +0530
